openat(AT_FDCWD, "/dev/null", O_RDWR)   = 3
openat(AT_FDCWD, "/dev/__properties__/property_info", O_RDONLY|O_NOFOLLOW|O_CLOEXEC) = 3
openat(AT_FDCWD, "/dev/__properties__/properties_serial", O_RDONLY|O_NOFOLLOW|O_CLOEXEC) = 3
openat(AT_FDCWD, "/dev/__properties__/u:object_r:build_prop:s0", O_RDONLY|O_NOFOLLOW|O_CLOEXEC) = 3
openat(AT_FDCWD, "/dev/__properties__/u:object_r:debug_prop:s0", O_RDONLY|O_NOFOLLOW|O_CLOEXEC) = 3
openat(AT_FDCWD, "/dev/__properties__/u:object_r:arm64_memtag_prop:s0", O_RDONLY|O_NOFOLLOW|O_CLOEXEC) = 3
openat(AT_FDCWD, "/data/local/tmp", O_RDONLY|O_CLOEXEC|O_PATH) = 3
openat(AT_FDCWD, "/linkerconfig/ld.config.txt", O_RDONLY|O_NOFOLLOW|O_CLOEXEC) = 3
openat(AT_FDCWD, "/system/bin", O_RDONLY|O_CLOEXEC|O_PATH) = 3
openat(AT_FDCWD, "/system/xbin", O_RDONLY|O_CLOEXEC|O_PATH) = 3
openat(AT_FDCWD, "/system_ext/bin", O_RDONLY|O_CLOEXEC|O_PATH) = 3
openat(AT_FDCWD, "/vendor/bin", O_RDONLY|O_CLOEXEC|O_PATH) = 3
openat(AT_FDCWD, "/data/local/tests/product", O_RDONLY|O_CLOEXEC|O_PATH) = 3
openat(AT_FDCWD, "/data/local/tests/system", O_RDONLY|O_CLOEXEC|O_PATH) = 3
openat(AT_FDCWD, "/data/local/tests/unrestricted", O_RDONLY|O_CLOEXEC|O_PATH) = 3
openat(AT_FDCWD, "/data/local/tests/vendor", O_RDONLY|O_CLOEXEC|O_PATH) = 3
openat(AT_FDCWD, "/data/local/tmp", O_RDONLY|O_CLOEXEC|O_PATH) = 3
openat(AT_FDCWD, "/dev/__properties__/u:object_r:vndk_prop:s0", O_RDONLY|O_NOFOLLOW|O_CLOEXEC) = 3
openat(AT_FDCWD, "/odm/lib64/vndk-sp", O_RDONLY|O_CLOEXEC|O_PATH) = -1 ENOENT (No such file or directory)
openat(AT_FDCWD, "/vendor/lib64/vndk-sp", O_RDONLY|O_CLOEXEC|O_PATH) = 3
openat(AT_FDCWD, "/apex/com.android.vndk.v32/lib64", O_RDONLY|O_CLOEXEC|O_PATH) = 3
openat(AT_FDCWD, "/odm/lib64", O_RDONLY|O_CLOEXEC|O_PATH) = -1 ENOENT (No such file or directory)
openat(AT_FDCWD, "/vendor/lib64", O_RDONLY|O_CLOEXEC|O_PATH) = 3
openat(AT_FDCWD, "/apex/com.android.tethering/lib64", O_RDONLY|O_CLOEXEC|O_PATH) = 3
openat(AT_FDCWD, "/apex/com.android.runtime/lib64", O_RDONLY|O_CLOEXEC|O_PATH) = 3
openat(AT_FDCWD, "/apex/com.android.art/lib64", O_RDONLY|O_CLOEXEC|O_PATH) = 3
openat(AT_FDCWD, "/apex/com.android.resolv/lib64", O_RDONLY|O_CLOEXEC|O_PATH) = 3
openat(AT_FDCWD, "/apex/com.android.media/lib64", O_RDONLY|O_CLOEXEC|O_PATH) = 3
openat(AT_FDCWD, "/apex/com.android.conscrypt/lib64", O_RDONLY|O_CLOEXEC|O_PATH) = 3
openat(AT_FDCWD, "/vendor/lib64/egl", O_RDONLY|O_CLOEXEC|O_PATH) = 3
openat(AT_FDCWD, "/vendor/lib64/hw", O_RDONLY|O_CLOEXEC|O_PATH) = 3
openat(AT_FDCWD, "/apex/com.android.neuralnetworks/lib64", O_RDONLY|O_CLOEXEC|O_PATH) = 3
openat(AT_FDCWD, "/apex/com.android.i18n/lib64", O_RDONLY|O_CLOEXEC|O_PATH) = 3
openat(AT_FDCWD, "/apex/com.android.appsearch/lib64", O_RDONLY|O_CLOEXEC|O_PATH) = 3
openat(AT_FDCWD, "/apex/com.android.os.statsd/lib64", O_RDONLY|O_CLOEXEC|O_PATH) = 3
openat(AT_FDCWD, "/apex/com.android.adbd/lib64", O_RDONLY|O_CLOEXEC|O_PATH) = 3
openat(AT_FDCWD, "/system/lib64", O_RDONLY|O_CLOEXEC|O_PATH) = 3
openat(AT_FDCWD, "/system_ext/lib64", O_RDONLY|O_CLOEXEC|O_PATH) = 3
openat(AT_FDCWD, "/product/lib64", O_RDONLY|O_CLOEXEC|O_PATH) = 3
openat(AT_FDCWD, "/data/local/tmp/libnative_lib.so", O_RDONLY|O_CLOEXEC) = 3
openat(AT_FDCWD, "/data/local/tmp/libadd.so", O_RDONLY|O_CLOEXEC) = 4
openat(AT_FDCWD, "/data/local/tmp/libandroid.so", O_RDONLY|O_CLOEXEC) = -1 ENOENT (No such file or directory)
openat(AT_FDCWD, "/system/lib64/libandroid.so", O_RDONLY|O_CLOEXEC) = 5
openat(AT_FDCWD, "/data/local/tmp/liblog.so", O_RDONLY|O_CLOEXEC) = -1 ENOENT (No such file or directory)
openat(AT_FDCWD, "/system/lib64/liblog.so", O_RDONLY|O_CLOEXEC) = 6
openat(AT_FDCWD, "/data/local/tmp/libm.so", O_RDONLY|O_CLOEXEC) = -1 ENOENT (No such file or directory)
openat(AT_FDCWD, "/system/lib64/libm.so", O_RDONLY|O_CLOEXEC) = 7
openat(AT_FDCWD, "/data/local/tmp/libdl.so", O_RDONLY|O_CLOEXEC) = -1 ENOENT (No such file or directory)
openat(AT_FDCWD, "/system/lib64/libdl.so", O_RDONLY|O_CLOEXEC) = 8
openat(AT_FDCWD, "/data/local/tmp/libc.so", O_RDONLY|O_CLOEXEC) = -1 ENOENT (No such file or directory)
openat(AT_FDCWD, "/system/lib64/libc.so", O_RDONLY|O_CLOEXEC) = 9
openat(AT_FDCWD, "/data/local/tmp/libhidlbase.so", O_RDONLY|O_CLOEXEC) = -1 ENOENT (No such file or directory)
openat(AT_FDCWD, "/system/lib64/libhidlbase.so", O_RDONLY|O_CLOEXEC) = 10
openat(AT_FDCWD, "/data/local/tmp/libcutils.so", O_RDONLY|O_CLOEXEC) = -1 ENOENT (No such file or directory)
openat(AT_FDCWD, "/system/lib64/libcutils.so", O_RDONLY|O_CLOEXEC) = 11
openat(AT_FDCWD, "/data/local/tmp/libandroidfw.so", O_RDONLY|O_CLOEXEC) = -1 ENOENT (No such file or directory)
openat(AT_FDCWD, "/system/lib64/libandroidfw.so", O_RDONLY|O_CLOEXEC) = 12
openat(AT_FDCWD, "/data/local/tmp/libinput.so", O_RDONLY|O_CLOEXEC) = -1 ENOENT (No such file or directory)
openat(AT_FDCWD, "/system/lib64/libinput.so", O_RDONLY|O_CLOEXEC) = 13
openat(AT_FDCWD, "/data/local/tmp/libutils.so", O_RDONLY|O_CLOEXEC) = -1 ENOENT (No such file or directory)
openat(AT_FDCWD, "/system/lib64/libutils.so", O_RDONLY|O_CLOEXEC) = 14
openat(AT_FDCWD, "/data/local/tmp/libbinder.so", O_RDONLY|O_CLOEXEC) = -1 ENOENT (No such file or directory)
openat(AT_FDCWD, "/system/lib64/libbinder.so", O_RDONLY|O_CLOEXEC) = 15
openat(AT_FDCWD, "/data/local/tmp/libui.so", O_RDONLY|O_CLOEXEC) = -1 ENOENT (No such file or directory)
openat(AT_FDCWD, "/system/lib64/libui.so", O_RDONLY|O_CLOEXEC) = 16
openat(AT_FDCWD, "/data/local/tmp/libgui.so", O_RDONLY|O_CLOEXEC) = -1 ENOENT (No such file or directory)
openat(AT_FDCWD, "/system/lib64/libgui.so", O_RDONLY|O_CLOEXEC) = 17
openat(AT_FDCWD, "/data/local/tmp/libharfbuzz_ng.so", O_RDONLY|O_CLOEXEC) = -1 ENOENT (No such file or directory)
openat(AT_FDCWD, "/system/lib64/libharfbuzz_ng.so", O_RDONLY|O_CLOEXEC) = 18
openat(AT_FDCWD, "/data/local/tmp/libsensor.so", O_RDONLY|O_CLOEXEC) = -1 ENOENT (No such file or directory)
openat(AT_FDCWD, "/system/lib64/libsensor.so", O_RDONLY|O_CLOEXEC) = 19
openat(AT_FDCWD, "/data/local/tmp/libactivitymanager_aidl.so", O_RDONLY|O_CLOEXEC) = -1 ENOENT (No such file or directory)
openat(AT_FDCWD, "/system/lib64/libactivitymanager_aidl.so", O_RDONLY|O_CLOEXEC) = 20
openat(AT_FDCWD, "/data/local/tmp/libandroid_runtime.so", O_RDONLY|O_CLOEXEC) = -1 ENOENT (No such file or directory)
openat(AT_FDCWD, "/system/lib64/libandroid_runtime.so", O_RDONLY|O_CLOEXEC) = 21
openat(AT_FDCWD, "/data/local/tmp/libminikin.so", O_RDONLY|O_CLOEXEC) = -1 ENOENT (No such file or directory)
openat(AT_FDCWD, "/system/lib64/libminikin.so", O_RDONLY|O_CLOEXEC) = 22
openat(AT_FDCWD, "/data/local/tmp/libnetd_client.so", O_RDONLY|O_CLOEXEC) = -1 ENOENT (No such file or directory)
openat(AT_FDCWD, "/system/lib64/libnetd_client.so", O_RDONLY|O_CLOEXEC) = 23
openat(AT_FDCWD, "/data/local/tmp/libhwui.so", O_RDONLY|O_CLOEXEC) = -1 ENOENT (No such file or directory)
openat(AT_FDCWD, "/system/lib64/libhwui.so", O_RDONLY|O_CLOEXEC) = 24
openat(AT_FDCWD, "/data/local/tmp/libxml2.so", O_RDONLY|O_CLOEXEC) = -1 ENOENT (No such file or directory)
openat(AT_FDCWD, "/system/lib64/libxml2.so", O_RDONLY|O_CLOEXEC) = 25
openat(AT_FDCWD, "/data/local/tmp/libEGL.so", O_RDONLY|O_CLOEXEC) = -1 ENOENT (No such file or directory)
openat(AT_FDCWD, "/system/lib64/libEGL.so", O_RDONLY|O_CLOEXEC) = 26
openat(AT_FDCWD, "/data/local/tmp/libGLESv2.so", O_RDONLY|O_CLOEXEC) = -1 ENOENT (No such file or directory)
openat(AT_FDCWD, "/system/lib64/libGLESv2.so", O_RDONLY|O_CLOEXEC) = 27
openat(AT_FDCWD, "/data/local/tmp/libpowermanager.so", O_RDONLY|O_CLOEXEC) = -1 ENOENT (No such file or directory)
openat(AT_FDCWD, "/system/lib64/libpowermanager.so", O_RDONLY|O_CLOEXEC) = 28
openat(AT_FDCWD, "/data/local/tmp/android.hardware.configstore@1.0.so", O_RDONLY|O_CLOEXEC) = -1 ENOENT (No such file or directory)
openat(AT_FDCWD, "/system/lib64/android.hardware.configstore@1.0.so", O_RDONLY|O_CLOEXEC) = 29
openat(AT_FDCWD, "/data/local/tmp/android.hardware.configstore-utils.so", O_RDONLY|O_CLOEXEC) = -1 ENOENT (No such file or directory)
openat(AT_FDCWD, "/system/lib64/android.hardware.configstore-utils.so", O_RDONLY|O_CLOEXEC) = 30
openat(AT_FDCWD, "/data/local/tmp/libnativedisplay.so", O_RDONLY|O_CLOEXEC) = -1 ENOENT (No such file or directory)
openat(AT_FDCWD, "/system/lib64/libnativedisplay.so", O_RDONLY|O_CLOEXEC) = 31
openat(AT_FDCWD, "/data/local/tmp/libc++.so", O_RDONLY|O_CLOEXEC) = -1 ENOENT (No such file or directory)
openat(AT_FDCWD, "/system/lib64/libc++.so", O_RDONLY|O_CLOEXEC) = 32
openat(AT_FDCWD, "/data/local/tmp/libbase.so", O_RDONLY|O_CLOEXEC) = -1 ENOENT (No such file or directory)
openat(AT_FDCWD, "/system/lib64/libbase.so", O_RDONLY|O_CLOEXEC) = 33
openat(AT_FDCWD, "/data/local/tmp/libvndksupport.so", O_RDONLY|O_CLOEXEC) = -1 ENOENT (No such file or directory)
openat(AT_FDCWD, "/system/lib64/libvndksupport.so", O_RDONLY|O_CLOEXEC) = 34
openat(AT_FDCWD, "/data/local/tmp/libincfs.so", O_RDONLY|O_CLOEXEC) = -1 ENOENT (No such file or directory)
openat(AT_FDCWD, "/system/lib64/libincfs.so", O_RDONLY|O_CLOEXEC) = 35
openat(AT_FDCWD, "/data/local/tmp/libz.so", O_RDONLY|O_CLOEXEC) = -1 ENOENT (No such file or directory)
openat(AT_FDCWD, "/system/lib64/libz.so", O_RDONLY|O_CLOEXEC) = 36
openat(AT_FDCWD, "/data/local/tmp/libprocessgroup.so", O_RDONLY|O_CLOEXEC) = -1 ENOENT (No such file or directory)
openat(AT_FDCWD, "/system/lib64/libprocessgroup.so", O_RDONLY|O_CLOEXEC) = 37
openat(AT_FDCWD, "/data/local/tmp/android.hardware.graphics.allocator@2.0.so", O_RDONLY|O_CLOEXEC) = -1 ENOENT (No such file or directory)
openat(AT_FDCWD, "/system/lib64/android.hardware.graphics.allocator@2.0.so", O_RDONLY|O_CLOEXEC) = 38
openat(AT_FDCWD, "/data/local/tmp/android.hardware.graphics.allocator@3.0.so", O_RDONLY|O_CLOEXEC) = -1 ENOENT (No such file or directory)
openat(AT_FDCWD, "/system/lib64/android.hardware.graphics.allocator@3.0.so", O_RDONLY|O_CLOEXEC) = 39
openat(AT_FDCWD, "/data/local/tmp/android.hardware.graphics.allocator@4.0.so", O_RDONLY|O_CLOEXEC) = -1 ENOENT (No such file or directory)
openat(AT_FDCWD, "/system/lib64/android.hardware.graphics.allocator@4.0.so", O_RDONLY|O_CLOEXEC) = 40
openat(AT_FDCWD, "/data/local/tmp/android.hardware.graphics.common-V2-ndk_platform.so", O_RDONLY|O_CLOEXEC) = -1 ENOENT (No such file or directory)
openat(AT_FDCWD, "/system/lib64/android.hardware.graphics.common-V2-ndk_platform.so", O_RDONLY|O_CLOEXEC) = 41
openat(AT_FDCWD, "/data/local/tmp/android.hardware.graphics.common@1.2.so", O_RDONLY|O_CLOEXEC) = -1 ENOENT (No such file or directory)
openat(AT_FDCWD, "/system/lib64/android.hardware.graphics.common@1.2.so", O_RDONLY|O_CLOEXEC) = 42
openat(AT_FDCWD, "/data/local/tmp/android.hardware.graphics.mapper@2.0.so", O_RDONLY|O_CLOEXEC) = -1 ENOENT (No such file or directory)
openat(AT_FDCWD, "/system/lib64/android.hardware.graphics.mapper@2.0.so", O_RDONLY|O_CLOEXEC) = 43
openat(AT_FDCWD, "/data/local/tmp/android.hardware.graphics.mapper@2.1.so", O_RDONLY|O_CLOEXEC) = -1 ENOENT (No such file or directory)
openat(AT_FDCWD, "/system/lib64/android.hardware.graphics.mapper@2.1.so", O_RDONLY|O_CLOEXEC) = 44
openat(AT_FDCWD, "/data/local/tmp/android.hardware.graphics.mapper@3.0.so", O_RDONLY|O_CLOEXEC) = -1 ENOENT (No such file or directory)
openat(AT_FDCWD, "/system/lib64/android.hardware.graphics.mapper@3.0.so", O_RDONLY|O_CLOEXEC) = 45
openat(AT_FDCWD, "/data/local/tmp/android.hardware.graphics.mapper@4.0.so", O_RDONLY|O_CLOEXEC) = -1 ENOENT (No such file or directory)
openat(AT_FDCWD, "/system/lib64/android.hardware.graphics.mapper@4.0.so", O_RDONLY|O_CLOEXEC) = 46
openat(AT_FDCWD, "/data/local/tmp/libgralloctypes.so", O_RDONLY|O_CLOEXEC) = -1 ENOENT (No such file or directory)
openat(AT_FDCWD, "/system/lib64/libgralloctypes.so", O_RDONLY|O_CLOEXEC) = 47
openat(AT_FDCWD, "/data/local/tmp/libsync.so", O_RDONLY|O_CLOEXEC) = -1 ENOENT (No such file or directory)
openat(AT_FDCWD, "/system/lib64/libsync.so", O_RDONLY|O_CLOEXEC) = 48
openat(AT_FDCWD, "/data/local/tmp/android.hardware.graphics.bufferqueue@1.0.so", O_RDONLY|O_CLOEXEC) = -1 ENOENT (No such file or directory)
openat(AT_FDCWD, "/system/lib64/android.hardware.graphics.bufferqueue@1.0.so", O_RDONLY|O_CLOEXEC) = 49
openat(AT_FDCWD, "/data/local/tmp/android.hardware.graphics.bufferqueue@2.0.so", O_RDONLY|O_CLOEXEC) = -1 ENOENT (No such file or directory)
openat(AT_FDCWD, "/system/lib64/android.hardware.graphics.bufferqueue@2.0.so", O_RDONLY|O_CLOEXEC) = 50
openat(AT_FDCWD, "/data/local/tmp/android.hardware.graphics.common@1.1.so", O_RDONLY|O_CLOEXEC) = -1 ENOENT (No such file or directory)
openat(AT_FDCWD, "/system/lib64/android.hardware.graphics.common@1.1.so", O_RDONLY|O_CLOEXEC) = 51
openat(AT_FDCWD, "/data/local/tmp/android.hidl.token@1.0-utils.so", O_RDONLY|O_CLOEXEC) = -1 ENOENT (No such file or directory)
openat(AT_FDCWD, "/system/lib64/android.hidl.token@1.0-utils.so", O_RDONLY|O_CLOEXEC) = 52
openat(AT_FDCWD, "/data/local/tmp/libnativewindow.so", O_RDONLY|O_CLOEXEC) = -1 ENOENT (No such file or directory)
openat(AT_FDCWD, "/system/lib64/libnativewindow.so", O_RDONLY|O_CLOEXEC) = 53
openat(AT_FDCWD, "/data/local/tmp/android.frameworks.bufferhub@1.0.so", O_RDONLY|O_CLOEXEC) = -1 ENOENT (No such file or directory)
openat(AT_FDCWD, "/system/lib64/android.frameworks.bufferhub@1.0.so", O_RDONLY|O_CLOEXEC) = 54
openat(AT_FDCWD, "/data/local/tmp/libbufferhub.so", O_RDONLY|O_CLOEXEC) = -1 ENOENT (No such file or directory)
openat(AT_FDCWD, "/system/lib64/libbufferhub.so", O_RDONLY|O_CLOEXEC) = 55
openat(AT_FDCWD, "/data/local/tmp/libbufferhubqueue.so", O_RDONLY|O_CLOEXEC) = -1 ENOENT (No such file or directory)
openat(AT_FDCWD, "/system/lib64/libbufferhubqueue.so", O_RDONLY|O_CLOEXEC) = 56
openat(AT_FDCWD, "/data/local/tmp/libpdx_default_transport.so", O_RDONLY|O_CLOEXEC) = -1 ENOENT (No such file or directory)
openat(AT_FDCWD, "/system/lib64/libpdx_default_transport.so", O_RDONLY|O_CLOEXEC) = 57
openat(AT_FDCWD, "/data/local/tmp/libicu.so", O_RDONLY|O_CLOEXEC) = -1 ENOENT (No such file or directory)
openat(AT_FDCWD, "/system/lib64/libicu.so", O_RDONLY|O_CLOEXEC) = -1 ENOENT (No such file or directory)
openat(AT_FDCWD, "/system_ext/lib64/libicu.so", O_RDONLY|O_CLOEXEC) = -1 ENOENT (No such file or directory)
openat(AT_FDCWD, "/vendor/lib64/libicu.so", O_RDONLY|O_CLOEXEC) = -1 ENOENT (No such file or directory)
openat(AT_FDCWD, "/product/lib64/libicu.so", O_RDONLY|O_CLOEXEC) = -1 ENOENT (No such file or directory)
openat(AT_FDCWD, "/apex/com.android.i18n/lib64/libicu.so", O_RDONLY|O_CLOEXEC) = 58
openat(AT_FDCWD, "/data/local/tmp/libhardware.so", O_RDONLY|O_CLOEXEC) = -1 ENOENT (No such file or directory)
openat(AT_FDCWD, "/system/lib64/libhardware.so", O_RDONLY|O_CLOEXEC) = 59
openat(AT_FDCWD, "/data/local/tmp/libpermission.so", O_RDONLY|O_CLOEXEC) = -1 ENOENT (No such file or directory)
openat(AT_FDCWD, "/system/lib64/libpermission.so", O_RDONLY|O_CLOEXEC) = 60
openat(AT_FDCWD, "/data/local/tmp/audioclient-types-aidl-cpp.so", O_RDONLY|O_CLOEXEC) = -1 ENOENT (No such file or directory)
openat(AT_FDCWD, "/system/lib64/audioclient-types-aidl-cpp.so", O_RDONLY|O_CLOEXEC) = 61
openat(AT_FDCWD, "/data/local/tmp/audioflinger-aidl-cpp.so", O_RDONLY|O_CLOEXEC) = -1 ENOENT (No such file or directory)
openat(AT_FDCWD, "/system/lib64/audioflinger-aidl-cpp.so", O_RDONLY|O_CLOEXEC) = 62
openat(AT_FDCWD, "/data/local/tmp/audiopolicy-types-aidl-cpp.so", O_RDONLY|O_CLOEXEC) = -1 ENOENT (No such file or directory)
openat(AT_FDCWD, "/system/lib64/audiopolicy-types-aidl-cpp.so", O_RDONLY|O_CLOEXEC) = 63
openat(AT_FDCWD, "/data/local/tmp/spatializer-aidl-cpp.so", O_RDONLY|O_CLOEXEC) = -1 ENOENT (No such file or directory)
openat(AT_FDCWD, "/system/lib64/spatializer-aidl-cpp.so", O_RDONLY|O_CLOEXEC) = 64
openat(AT_FDCWD, "/data/local/tmp/av-types-aidl-cpp.so", O_RDONLY|O_CLOEXEC) = -1 ENOENT (No such file or directory)
openat(AT_FDCWD, "/system/lib64/av-types-aidl-cpp.so", O_RDONLY|O_CLOEXEC) = 65
openat(AT_FDCWD, "/data/local/tmp/android.hardware.camera.device@3.2.so", O_RDONLY|O_CLOEXEC) = -1 ENOENT (No such file or directory)
openat(AT_FDCWD, "/system/lib64/android.hardware.camera.device@3.2.so", O_RDONLY|O_CLOEXEC) = 66
openat(AT_FDCWD, "/data/local/tmp/libandroidicu.so", O_RDONLY|O_CLOEXEC) = -1 ENOENT (No such file or directory)
openat(AT_FDCWD, "/system/lib64/libandroidicu.so", O_RDONLY|O_CLOEXEC) = -1 ENOENT (No such file or directory)
openat(AT_FDCWD, "/system_ext/lib64/libandroidicu.so", O_RDONLY|O_CLOEXEC) = -1 ENOENT (No such file or directory)
openat(AT_FDCWD, "/vendor/lib64/libandroidicu.so", O_RDONLY|O_CLOEXEC) = -1 ENOENT (No such file or directory)
openat(AT_FDCWD, "/product/lib64/libandroidicu.so", O_RDONLY|O_CLOEXEC) = -1 ENOENT (No such file or directory)
openat(AT_FDCWD, "/apex/com.android.i18n/lib64/libandroidicu.so", O_RDONLY|O_CLOEXEC) = 67
openat(AT_FDCWD, "/data/local/tmp/libbpf_android.so", O_RDONLY|O_CLOEXEC) = -1 ENOENT (No such file or directory)
openat(AT_FDCWD, "/system/lib64/libbpf_android.so", O_RDONLY|O_CLOEXEC) = 68
openat(AT_FDCWD, "/data/local/tmp/libnetdbpf.so", O_RDONLY|O_CLOEXEC) = -1 ENOENT (No such file or directory)
openat(AT_FDCWD, "/system/lib64/libnetdbpf.so", O_RDONLY|O_CLOEXEC) = 69
openat(AT_FDCWD, "/data/local/tmp/libnetdutils.so", O_RDONLY|O_CLOEXEC) = -1 ENOENT (No such file or directory)
openat(AT_FDCWD, "/system/lib64/libnetdutils.so", O_RDONLY|O_CLOEXEC) = 70
openat(AT_FDCWD, "/data/local/tmp/libmemtrack.so", O_RDONLY|O_CLOEXEC) = -1 ENOENT (No such file or directory)
openat(AT_FDCWD, "/system/lib64/libmemtrack.so", O_RDONLY|O_CLOEXEC) = 71
openat(AT_FDCWD, "/data/local/tmp/libappfuse.so", O_RDONLY|O_CLOEXEC) = -1 ENOENT (No such file or directory)
openat(AT_FDCWD, "/system/lib64/libappfuse.so", O_RDONLY|O_CLOEXEC) = 72
openat(AT_FDCWD, "/data/local/tmp/libcrypto.so", O_RDONLY|O_CLOEXEC) = -1 ENOENT (No such file or directory)
openat(AT_FDCWD, "/system/lib64/libcrypto.so", O_RDONLY|O_CLOEXEC) = 73
openat(AT_FDCWD, "/data/local/tmp/libdebuggerd_client.so", O_RDONLY|O_CLOEXEC) = -1 ENOENT (No such file or directory)
openat(AT_FDCWD, "/system/lib64/libdebuggerd_client.so", O_RDONLY|O_CLOEXEC) = 74
openat(AT_FDCWD, "/data/local/tmp/libgraphicsenv.so", O_RDONLY|O_CLOEXEC) = -1 ENOENT (No such file or directory)
openat(AT_FDCWD, "/system/lib64/libgraphicsenv.so", O_RDONLY|O_CLOEXEC) = 75
openat(AT_FDCWD, "/data/local/tmp/libmediandk.so", O_RDONLY|O_CLOEXEC) = -1 ENOENT (No such file or directory)
openat(AT_FDCWD, "/system/lib64/libmediandk.so", O_RDONLY|O_CLOEXEC) = 76
openat(AT_FDCWD, "/data/local/tmp/libcamera_client.so", O_RDONLY|O_CLOEXEC) = -1 ENOENT (No such file or directory)
openat(AT_FDCWD, "/system/lib64/libcamera_client.so", O_RDONLY|O_CLOEXEC) = 77
openat(AT_FDCWD, "/data/local/tmp/libcamera_metadata.so", O_RDONLY|O_CLOEXEC) = -1 ENOENT (No such file or directory)
openat(AT_FDCWD, "/system/lib64/libcamera_metadata.so", O_RDONLY|O_CLOEXEC) = 78
openat(AT_FDCWD, "/data/local/tmp/libsqlite.so", O_RDONLY|O_CLOEXEC) = -1 ENOENT (No such file or directory)
openat(AT_FDCWD, "/system/lib64/libsqlite.so", O_RDONLY|O_CLOEXEC) = 79
openat(AT_FDCWD, "/data/local/tmp/libGLESv1_CM.so", O_RDONLY|O_CLOEXEC) = -1 ENOENT (No such file or directory)
openat(AT_FDCWD, "/system/lib64/libGLESv1_CM.so", O_RDONLY|O_CLOEXEC) = 80
openat(AT_FDCWD, "/data/local/tmp/libGLESv3.so", O_RDONLY|O_CLOEXEC) = -1 ENOENT (No such file or directory)
openat(AT_FDCWD, "/system/lib64/libGLESv3.so", O_RDONLY|O_CLOEXEC) = 81
openat(AT_FDCWD, "/data/local/tmp/libdataloader.so", O_RDONLY|O_CLOEXEC) = -1 ENOENT (No such file or directory)
openat(AT_FDCWD, "/system/lib64/libdataloader.so", O_RDONLY|O_CLOEXEC) = 82
openat(AT_FDCWD, "/data/local/tmp/libvulkan.so", O_RDONLY|O_CLOEXEC) = -1 ENOENT (No such file or directory)
openat(AT_FDCWD, "/system/lib64/libvulkan.so", O_RDONLY|O_CLOEXEC) = 83
openat(AT_FDCWD, "/data/local/tmp/libETC1.so", O_RDONLY|O_CLOEXEC) = -1 ENOENT (No such file or directory)
openat(AT_FDCWD, "/system/lib64/libETC1.so", O_RDONLY|O_CLOEXEC) = 84
openat(AT_FDCWD, "/data/local/tmp/libjpeg.so", O_RDONLY|O_CLOEXEC) = -1 ENOENT (No such file or directory)
openat(AT_FDCWD, "/system/lib64/libjpeg.so", O_RDONLY|O_CLOEXEC) = 85
openat(AT_FDCWD, "/data/local/tmp/libhardware_legacy.so", O_RDONLY|O_CLOEXEC) = -1 ENOENT (No such file or directory)
openat(AT_FDCWD, "/system/lib64/libhardware_legacy.so", O_RDONLY|O_CLOEXEC) = 86
openat(AT_FDCWD, "/data/local/tmp/libselinux.so", O_RDONLY|O_CLOEXEC) = -1 ENOENT (No such file or directory)
openat(AT_FDCWD, "/system/lib64/libselinux.so", O_RDONLY|O_CLOEXEC) = 87
openat(AT_FDCWD, "/data/local/tmp/libmedia.so", O_RDONLY|O_CLOEXEC) = -1 ENOENT (No such file or directory)
openat(AT_FDCWD, "/system/lib64/libmedia.so", O_RDONLY|O_CLOEXEC) = 88
openat(AT_FDCWD, "/data/local/tmp/libmedia_helper.so", O_RDONLY|O_CLOEXEC) = -1 ENOENT (No such file or directory)
openat(AT_FDCWD, "/system/lib64/libmedia_helper.so", O_RDONLY|O_CLOEXEC) = 89
openat(AT_FDCWD, "/data/local/tmp/libmediametrics.so", O_RDONLY|O_CLOEXEC) = -1 ENOENT (No such file or directory)
openat(AT_FDCWD, "/system/lib64/libmediametrics.so", O_RDONLY|O_CLOEXEC) = 90
openat(AT_FDCWD, "/data/local/tmp/libmeminfo.so", O_RDONLY|O_CLOEXEC) = -1 ENOENT (No such file or directory)
openat(AT_FDCWD, "/system/lib64/libmeminfo.so", O_RDONLY|O_CLOEXEC) = 91
openat(AT_FDCWD, "/data/local/tmp/libaudioclient.so", O_RDONLY|O_CLOEXEC) = -1 ENOENT (No such file or directory)
openat(AT_FDCWD, "/system/lib64/libaudioclient.so", O_RDONLY|O_CLOEXEC) = 92
openat(AT_FDCWD, "/data/local/tmp/libaudiofoundation.so", O_RDONLY|O_CLOEXEC) = -1 ENOENT (No such file or directory)
openat(AT_FDCWD, "/system/lib64/libaudiofoundation.so", O_RDONLY|O_CLOEXEC) = 93
openat(AT_FDCWD, "/data/local/tmp/libaudiopolicy.so", O_RDONLY|O_CLOEXEC) = -1 ENOENT (No such file or directory)
openat(AT_FDCWD, "/system/lib64/libaudiopolicy.so", O_RDONLY|O_CLOEXEC) = 94
openat(AT_FDCWD, "/data/local/tmp/libusbhost.so", O_RDONLY|O_CLOEXEC) = -1 ENOENT (No such file or directory)
openat(AT_FDCWD, "/system/lib64/libusbhost.so", O_RDONLY|O_CLOEXEC) = 95
openat(AT_FDCWD, "/data/local/tmp/libpdfium.so", O_RDONLY|O_CLOEXEC) = -1 ENOENT (No such file or directory)
openat(AT_FDCWD, "/system/lib64/libpdfium.so", O_RDONLY|O_CLOEXEC) = 96
openat(AT_FDCWD, "/data/local/tmp/libimg_utils.so", O_RDONLY|O_CLOEXEC) = -1 ENOENT (No such file or directory)
openat(AT_FDCWD, "/system/lib64/libimg_utils.so", O_RDONLY|O_CLOEXEC) = 97
openat(AT_FDCWD, "/data/local/tmp/libnativebridge_lazy.so", O_RDONLY|O_CLOEXEC) = -1 ENOENT (No such file or directory)
openat(AT_FDCWD, "/system/lib64/libnativebridge_lazy.so", O_RDONLY|O_CLOEXEC) = 98
openat(AT_FDCWD, "/data/local/tmp/libnativeloader_lazy.so", O_RDONLY|O_CLOEXEC) = -1 ENOENT (No such file or directory)
openat(AT_FDCWD, "/system/lib64/libnativeloader_lazy.so", O_RDONLY|O_CLOEXEC) = 99
openat(AT_FDCWD, "/data/local/tmp/libmemunreachable.so", O_RDONLY|O_CLOEXEC) = -1 ENOENT (No such file or directory)
openat(AT_FDCWD, "/system/lib64/libmemunreachable.so", O_RDONLY|O_CLOEXEC) = 100
openat(AT_FDCWD, "/data/local/tmp/libvintf.so", O_RDONLY|O_CLOEXEC) = -1 ENOENT (No such file or directory)
openat(AT_FDCWD, "/system/lib64/libvintf.so", O_RDONLY|O_CLOEXEC) = 101
openat(AT_FDCWD, "/data/local/tmp/libdl_android.so", O_RDONLY|O_CLOEXEC) = -1 ENOENT (No such file or directory)
openat(AT_FDCWD, "/system/lib64/libdl_android.so", O_RDONLY|O_CLOEXEC) = 102
openat(AT_FDCWD, "/data/local/tmp/libtimeinstate.so", O_RDONLY|O_CLOEXEC) = -1 ENOENT (No such file or directory)
openat(AT_FDCWD, "/system/lib64/libtimeinstate.so", O_RDONLY|O_CLOEXEC) = 103
openat(AT_FDCWD, "/data/local/tmp/server_configurable_flags.so", O_RDONLY|O_CLOEXEC) = -1 ENOENT (No such file or directory)
openat(AT_FDCWD, "/system/lib64/server_configurable_flags.so", O_RDONLY|O_CLOEXEC) = 104
openat(AT_FDCWD, "/data/local/tmp/libpng.so", O_RDONLY|O_CLOEXEC) = -1 ENOENT (No such file or directory)
openat(AT_FDCWD, "/system/lib64/libpng.so", O_RDONLY|O_CLOEXEC) = 105
openat(AT_FDCWD, "/data/local/tmp/libdng_sdk.so", O_RDONLY|O_CLOEXEC) = -1 ENOENT (No such file or directory)
openat(AT_FDCWD, "/system/lib64/libdng_sdk.so", O_RDONLY|O_CLOEXEC) = 106
openat(AT_FDCWD, "/data/local/tmp/libpiex.so", O_RDONLY|O_CLOEXEC) = -1 ENOENT (No such file or directory)
openat(AT_FDCWD, "/system/lib64/libpiex.so", O_RDONLY|O_CLOEXEC) = 107
openat(AT_FDCWD, "/data/local/tmp/libexpat.so", O_RDONLY|O_CLOEXEC) = -1 ENOENT (No such file or directory)
openat(AT_FDCWD, "/system/lib64/libexpat.so", O_RDONLY|O_CLOEXEC) = 108
openat(AT_FDCWD, "/data/local/tmp/libbinder_ndk.so", O_RDONLY|O_CLOEXEC) = -1 ENOENT (No such file or directory)
openat(AT_FDCWD, "/system/lib64/libbinder_ndk.so", O_RDONLY|O_CLOEXEC) = 109
openat(AT_FDCWD, "/data/local/tmp/libheif.so", O_RDONLY|O_CLOEXEC) = -1 ENOENT (No such file or directory)
openat(AT_FDCWD, "/system/lib64/libheif.so", O_RDONLY|O_CLOEXEC) = 110
openat(AT_FDCWD, "/data/local/tmp/libprotobuf-cpp-lite.so", O_RDONLY|O_CLOEXEC) = -1 ENOENT (No such file or directory)
openat(AT_FDCWD, "/system/lib64/libprotobuf-cpp-lite.so", O_RDONLY|O_CLOEXEC) = 111
openat(AT_FDCWD, "/data/local/tmp/libft2.so", O_RDONLY|O_CLOEXEC) = -1 ENOENT (No such file or directory)
openat(AT_FDCWD, "/system/lib64/libft2.so", O_RDONLY|O_CLOEXEC) = 112
openat(AT_FDCWD, "/data/local/tmp/libbacktrace.so", O_RDONLY|O_CLOEXEC) = -1 ENOENT (No such file or directory)
openat(AT_FDCWD, "/system/lib64/libbacktrace.so", O_RDONLY|O_CLOEXEC) = 113
openat(AT_FDCWD, "/data/local/tmp/libSurfaceFlingerProp.so", O_RDONLY|O_CLOEXEC) = -1 ENOENT (No such file or directory)
openat(AT_FDCWD, "/system/lib64/libSurfaceFlingerProp.so", O_RDONLY|O_CLOEXEC) = 114
openat(AT_FDCWD, "/data/local/tmp/android.hardware.power@1.0.so", O_RDONLY|O_CLOEXEC) = -1 ENOENT (No such file or directory)
openat(AT_FDCWD, "/system/lib64/android.hardware.power@1.0.so", O_RDONLY|O_CLOEXEC) = 115
openat(AT_FDCWD, "/data/local/tmp/android.hardware.power@1.1.so", O_RDONLY|O_CLOEXEC) = -1 ENOENT (No such file or directory)
openat(AT_FDCWD, "/system/lib64/android.hardware.power@1.1.so", O_RDONLY|O_CLOEXEC) = 116
openat(AT_FDCWD, "/data/local/tmp/android.hardware.power-V2-cpp.so", O_RDONLY|O_CLOEXEC) = -1 ENOENT (No such file or directory)
openat(AT_FDCWD, "/system/lib64/android.hardware.power-V2-cpp.so", O_RDONLY|O_CLOEXEC) = 117
openat(AT_FDCWD, "/data/local/tmp/android.hardware.configstore@1.1.so", O_RDONLY|O_CLOEXEC) = -1 ENOENT (No such file or directory)
openat(AT_FDCWD, "/system/lib64/android.hardware.configstore@1.1.so", O_RDONLY|O_CLOEXEC) = 118
openat(AT_FDCWD, "/data/local/tmp/libcgrouprc.so", O_RDONLY|O_CLOEXEC) = -1 ENOENT (No such file or directory)
openat(AT_FDCWD, "/system/lib64/libcgrouprc.so", O_RDONLY|O_CLOEXEC) = 119
openat(AT_FDCWD, "/data/local/tmp/android.hardware.graphics.common@1.0.so", O_RDONLY|O_CLOEXEC) = -1 ENOENT (No such file or directory)
openat(AT_FDCWD, "/system/lib64/android.hardware.graphics.common@1.0.so", O_RDONLY|O_CLOEXEC) = 120
openat(AT_FDCWD, "/data/local/tmp/android.hardware.common-V2-ndk_platform.so", O_RDONLY|O_CLOEXEC) = -1 ENOENT (No such file or directory)
openat(AT_FDCWD, "/system/lib64/android.hardware.common-V2-ndk_platform.so", O_RDONLY|O_CLOEXEC) = 121
openat(AT_FDCWD, "/data/local/tmp/android.hardware.media@1.0.so", O_RDONLY|O_CLOEXEC) = -1 ENOENT (No such file or directory)
openat(AT_FDCWD, "/system/lib64/android.hardware.media@1.0.so", O_RDONLY|O_CLOEXEC) = 122
openat(AT_FDCWD, "/data/local/tmp/android.hidl.token@1.0.so", O_RDONLY|O_CLOEXEC) = -1 ENOENT (No such file or directory)
openat(AT_FDCWD, "/system/lib64/android.hidl.token@1.0.so", O_RDONLY|O_CLOEXEC) = 123
openat(AT_FDCWD, "/apex/com.android.i18n/lib64/libicuuc.so", O_RDONLY|O_CLOEXEC) = 124
openat(AT_FDCWD, "/apex/com.android.i18n/lib64/libicui18n.so", O_RDONLY|O_CLOEXEC) = 125
openat(AT_FDCWD, "/apex/com.android.i18n/lib64/libc++.so", O_RDONLY|O_CLOEXEC) = 126
openat(AT_FDCWD, "/data/local/tmp/audio_common-aidl-cpp.so", O_RDONLY|O_CLOEXEC) = -1 ENOENT (No such file or directory)
openat(AT_FDCWD, "/system/lib64/audio_common-aidl-cpp.so", O_RDONLY|O_CLOEXEC) = 127
openat(AT_FDCWD, "/data/local/tmp/framework-permission-aidl-cpp.so", O_RDONLY|O_CLOEXEC) = -1 ENOENT (No such file or directory)
openat(AT_FDCWD, "/system/lib64/framework-permission-aidl-cpp.so", O_RDONLY|O_CLOEXEC) = 128
openat(AT_FDCWD, "/data/local/tmp/effect-aidl-cpp.so", O_RDONLY|O_CLOEXEC) = -1 ENOENT (No such file or directory)
openat(AT_FDCWD, "/system/lib64/effect-aidl-cpp.so", O_RDONLY|O_CLOEXEC) = 129
openat(AT_FDCWD, "/data/local/tmp/shared-file-region-aidl-cpp.so", O_RDONLY|O_CLOEXEC) = -1 ENOENT (No such file or directory)
openat(AT_FDCWD, "/system/lib64/shared-file-region-aidl-cpp.so", O_RDONLY|O_CLOEXEC) = 130
openat(AT_FDCWD, "/data/local/tmp/android.hardware.camera.common@1.0.so", O_RDONLY|O_CLOEXEC) = -1 ENOENT (No such file or directory)
openat(AT_FDCWD, "/system/lib64/android.hardware.camera.common@1.0.so", O_RDONLY|O_CLOEXEC) = 131
openat(AT_FDCWD, "/apex/com.android.i18n/lib64/libbase.so", O_RDONLY|O_CLOEXEC) = 132
openat(AT_FDCWD, "/data/local/tmp/libbpf.so", O_RDONLY|O_CLOEXEC) = -1 ENOENT (No such file or directory)
openat(AT_FDCWD, "/system/lib64/libbpf.so", O_RDONLY|O_CLOEXEC) = 133
openat(AT_FDCWD, "/data/local/tmp/android.hardware.memtrack@1.0.so", O_RDONLY|O_CLOEXEC) = -1 ENOENT (No such file or directory)
openat(AT_FDCWD, "/system/lib64/android.hardware.memtrack@1.0.so", O_RDONLY|O_CLOEXEC) = 134
openat(AT_FDCWD, "/data/local/tmp/android.hardware.memtrack-V1-ndk_platform.so", O_RDONLY|O_CLOEXEC) = -1 ENOENT (No such file or directory)
openat(AT_FDCWD, "/system/lib64/android.hardware.memtrack-V1-ndk_platform.so", O_RDONLY|O_CLOEXEC) = 135
openat(AT_FDCWD, "/data/local/tmp/libprocinfo.so", O_RDONLY|O_CLOEXEC) = -1 ENOENT (No such file or directory)
openat(AT_FDCWD, "/system/lib64/libprocinfo.so", O_RDONLY|O_CLOEXEC) = 136
openat(AT_FDCWD, "/data/local/tmp/libandroid_runtime_lazy.so", O_RDONLY|O_CLOEXEC) = -1 ENOENT (No such file or directory)
openat(AT_FDCWD, "/system/lib64/libandroid_runtime_lazy.so", O_RDONLY|O_CLOEXEC) = 137
openat(AT_FDCWD, "/data/local/tmp/libdatasource.so", O_RDONLY|O_CLOEXEC) = -1 ENOENT (No such file or directory)
openat(AT_FDCWD, "/system/lib64/libdatasource.so", O_RDONLY|O_CLOEXEC) = 138
openat(AT_FDCWD, "/data/local/tmp/libmediadrm.so", O_RDONLY|O_CLOEXEC) = -1 ENOENT (No such file or directory)
openat(AT_FDCWD, "/system/lib64/libmediadrm.so", O_RDONLY|O_CLOEXEC) = 139
openat(AT_FDCWD, "/data/local/tmp/libmedia_omx.so", O_RDONLY|O_CLOEXEC) = -1 ENOENT (No such file or directory)
openat(AT_FDCWD, "/system/lib64/libmedia_omx.so", O_RDONLY|O_CLOEXEC) = 140
openat(AT_FDCWD, "/data/local/tmp/libmedia_jni_utils.so", O_RDONLY|O_CLOEXEC) = -1 ENOENT (No such file or directory)
openat(AT_FDCWD, "/system/lib64/libmedia_jni_utils.so", O_RDONLY|O_CLOEXEC) = 141
openat(AT_FDCWD, "/data/local/tmp/libstagefright.so", O_RDONLY|O_CLOEXEC) = -1 ENOENT (No such file or directory)
openat(AT_FDCWD, "/system/lib64/libstagefright.so", O_RDONLY|O_CLOEXEC) = 142
openat(AT_FDCWD, "/data/local/tmp/libstagefright_foundation.so", O_RDONLY|O_CLOEXEC) = -1 ENOENT (No such file or directory)
openat(AT_FDCWD, "/system/lib64/libstagefright_foundation.so", O_RDONLY|O_CLOEXEC) = 143
openat(AT_FDCWD, "/data/local/tmp/libmediandk_utils.so", O_RDONLY|O_CLOEXEC) = -1 ENOENT (No such file or directory)
openat(AT_FDCWD, "/system/lib64/libmediandk_utils.so", O_RDONLY|O_CLOEXEC) = 144
openat(AT_FDCWD, "/data/local/tmp/libziparchive.so", O_RDONLY|O_CLOEXEC) = -1 ENOENT (No such file or directory)
openat(AT_FDCWD, "/system/lib64/libziparchive.so", O_RDONLY|O_CLOEXEC) = 145
openat(AT_FDCWD, "/data/local/tmp/android.system.suspend@1.0.so", O_RDONLY|O_CLOEXEC) = -1 ENOENT (No such file or directory)
openat(AT_FDCWD, "/system/lib64/android.system.suspend@1.0.so", O_RDONLY|O_CLOEXEC) = 146
openat(AT_FDCWD, "/data/local/tmp/libpcre2.so", O_RDONLY|O_CLOEXEC) = -1 ENOENT (No such file or directory)
openat(AT_FDCWD, "/system/lib64/libpcre2.so", O_RDONLY|O_CLOEXEC) = 147
openat(AT_FDCWD, "/data/local/tmp/libpackagelistparser.so", O_RDONLY|O_CLOEXEC) = -1 ENOENT (No such file or directory)
openat(AT_FDCWD, "/system/lib64/libpackagelistparser.so", O_RDONLY|O_CLOEXEC) = 148
openat(AT_FDCWD, "/data/local/tmp/libmedia_codeclist.so", O_RDONLY|O_CLOEXEC) = -1 ENOENT (No such file or directory)
openat(AT_FDCWD, "/system/lib64/libmedia_codeclist.so", O_RDONLY|O_CLOEXEC) = 149
openat(AT_FDCWD, "/data/local/tmp/mediametricsservice-aidl-cpp.so", O_RDONLY|O_CLOEXEC) = -1 ENOENT (No such file or directory)
openat(AT_FDCWD, "/system/lib64/mediametricsservice-aidl-cpp.so", O_RDONLY|O_CLOEXEC) = 150
openat(AT_FDCWD, "/data/local/tmp/librkmultiaudio.so", O_RDONLY|O_CLOEXEC) = -1 ENOENT (No such file or directory)
openat(AT_FDCWD, "/system/lib64/librkmultiaudio.so", O_RDONLY|O_CLOEXEC) = 151
openat(AT_FDCWD, "/data/local/tmp/audiopolicy-aidl-cpp.so", O_RDONLY|O_CLOEXEC) = -1 ENOENT (No such file or directory)
openat(AT_FDCWD, "/system/lib64/audiopolicy-aidl-cpp.so", O_RDONLY|O_CLOEXEC) = 152
openat(AT_FDCWD, "/data/local/tmp/capture_state_listener-aidl-cpp.so", O_RDONLY|O_CLOEXEC) = -1 ENOENT (No such file or directory)
openat(AT_FDCWD, "/system/lib64/capture_state_listener-aidl-cpp.so", O_RDONLY|O_CLOEXEC) = 153
openat(AT_FDCWD, "/data/local/tmp/libaudioclient_aidl_conversion.so", O_RDONLY|O_CLOEXEC) = -1 ENOENT (No such file or directory)
openat(AT_FDCWD, "/system/lib64/libaudioclient_aidl_conversion.so", O_RDONLY|O_CLOEXEC) = 154
openat(AT_FDCWD, "/data/local/tmp/libaudioutils.so", O_RDONLY|O_CLOEXEC) = -1 ENOENT (No such file or directory)
openat(AT_FDCWD, "/system/lib64/libaudioutils.so", O_RDONLY|O_CLOEXEC) = 155
openat(AT_FDCWD, "/data/local/tmp/libaudiomanager.so", O_RDONLY|O_CLOEXEC) = -1 ENOENT (No such file or directory)
openat(AT_FDCWD, "/system/lib64/libaudiomanager.so", O_RDONLY|O_CLOEXEC) = 156
openat(AT_FDCWD, "/data/local/tmp/libmediautils.so", O_RDONLY|O_CLOEXEC) = -1 ENOENT (No such file or directory)
openat(AT_FDCWD, "/system/lib64/libmediautils.so", O_RDONLY|O_CLOEXEC) = 157
openat(AT_FDCWD, "/data/local/tmp/libnblog.so", O_RDONLY|O_CLOEXEC) = -1 ENOENT (No such file or directory)
openat(AT_FDCWD, "/system/lib64/libnblog.so", O_RDONLY|O_CLOEXEC) = 158
openat(AT_FDCWD, "/data/local/tmp/libshmemcompat.so", O_RDONLY|O_CLOEXEC) = -1 ENOENT (No such file or directory)
openat(AT_FDCWD, "/system/lib64/libshmemcompat.so", O_RDONLY|O_CLOEXEC) = 159
openat(AT_FDCWD, "/data/local/tmp/libvibrator.so", O_RDONLY|O_CLOEXEC) = -1 ENOENT (No such file or directory)
openat(AT_FDCWD, "/system/lib64/libvibrator.so", O_RDONLY|O_CLOEXEC) = 160
openat(AT_FDCWD, "/data/local/tmp/libhidl-gen-utils.so", O_RDONLY|O_CLOEXEC) = -1 ENOENT (No such file or directory)
openat(AT_FDCWD, "/system/lib64/libhidl-gen-utils.so", O_RDONLY|O_CLOEXEC) = 161
openat(AT_FDCWD, "/data/local/tmp/libtinyxml2.so", O_RDONLY|O_CLOEXEC) = -1 ENOENT (No such file or directory)
openat(AT_FDCWD, "/system/lib64/libtinyxml2.so", O_RDONLY|O_CLOEXEC) = 162
openat(AT_FDCWD, "/data/local/tmp/libunwindstack.so", O_RDONLY|O_CLOEXEC) = -1 ENOENT (No such file or directory)
openat(AT_FDCWD, "/system/lib64/libunwindstack.so", O_RDONLY|O_CLOEXEC) = 163
openat(AT_FDCWD, "/data/local/tmp/libmediadrmmetrics_lite.so", O_RDONLY|O_CLOEXEC) = -1 ENOENT (No such file or directory)
openat(AT_FDCWD, "/system/lib64/libmediadrmmetrics_lite.so", O_RDONLY|O_CLOEXEC) = 164
openat(AT_FDCWD, "/data/local/tmp/android.hardware.drm@1.0.so", O_RDONLY|O_CLOEXEC) = -1 ENOENT (No such file or directory)
openat(AT_FDCWD, "/system/lib64/android.hardware.drm@1.0.so", O_RDONLY|O_CLOEXEC) = 165
openat(AT_FDCWD, "/data/local/tmp/android.hardware.drm@1.1.so", O_RDONLY|O_CLOEXEC) = -1 ENOENT (No such file or directory)
openat(AT_FDCWD, "/system/lib64/android.hardware.drm@1.1.so", O_RDONLY|O_CLOEXEC) = 166
openat(AT_FDCWD, "/data/local/tmp/android.hardware.drm@1.2.so", O_RDONLY|O_CLOEXEC) = -1 ENOENT (No such file or directory)
openat(AT_FDCWD, "/system/lib64/android.hardware.drm@1.2.so", O_RDONLY|O_CLOEXEC) = 167
openat(AT_FDCWD, "/data/local/tmp/android.hardware.drm@1.3.so", O_RDONLY|O_CLOEXEC) = -1 ENOENT (No such file or directory)
openat(AT_FDCWD, "/system/lib64/android.hardware.drm@1.3.so", O_RDONLY|O_CLOEXEC) = 168
openat(AT_FDCWD, "/data/local/tmp/android.hardware.drm@1.4.so", O_RDONLY|O_CLOEXEC) = -1 ENOENT (No such file or directory)
openat(AT_FDCWD, "/system/lib64/android.hardware.drm@1.4.so", O_RDONLY|O_CLOEXEC) = 169
openat(AT_FDCWD, "/data/local/tmp/libhidlallocatorutils.so", O_RDONLY|O_CLOEXEC) = -1 ENOENT (No such file or directory)
openat(AT_FDCWD, "/system/lib64/libhidlallocatorutils.so", O_RDONLY|O_CLOEXEC) = 170
openat(AT_FDCWD, "/data/local/tmp/android.hardware.media.omx@1.0.so", O_RDONLY|O_CLOEXEC) = -1 ENOENT (No such file or directory)
openat(AT_FDCWD, "/system/lib64/android.hardware.media.omx@1.0.so", O_RDONLY|O_CLOEXEC) = 171
openat(AT_FDCWD, "/data/local/tmp/libstagefright_framecapture_utils.so", O_RDONLY|O_CLOEXEC) = -1 ENOENT (No such file or directory)
openat(AT_FDCWD, "/system/lib64/libstagefright_framecapture_utils.so", O_RDONLY|O_CLOEXEC) = 172
openat(AT_FDCWD, "/data/local/tmp/libcodec2.so", O_RDONLY|O_CLOEXEC) = -1 ENOENT (No such file or directory)
openat(AT_FDCWD, "/system/lib64/libcodec2.so", O_RDONLY|O_CLOEXEC) = 173
openat(AT_FDCWD, "/data/local/tmp/libcodec2_vndk.so", O_RDONLY|O_CLOEXEC) = -1 ENOENT (No such file or directory)
openat(AT_FDCWD, "/system/lib64/libcodec2_vndk.so", O_RDONLY|O_CLOEXEC) = 174
openat(AT_FDCWD, "/data/local/tmp/libmedia_omx_client.so", O_RDONLY|O_CLOEXEC) = -1 ENOENT (No such file or directory)
openat(AT_FDCWD, "/system/lib64/libmedia_omx_client.so", O_RDONLY|O_CLOEXEC) = 175
openat(AT_FDCWD, "/data/local/tmp/libsfplugin_ccodec.so", O_RDONLY|O_CLOEXEC) = -1 ENOENT (No such file or directory)
openat(AT_FDCWD, "/system/lib64/libsfplugin_ccodec.so", O_RDONLY|O_CLOEXEC) = 176
openat(AT_FDCWD, "/data/local/tmp/libsfplugin_ccodec_utils.so", O_RDONLY|O_CLOEXEC) = -1 ENOENT (No such file or directory)
openat(AT_FDCWD, "/system/lib64/libsfplugin_ccodec_utils.so", O_RDONLY|O_CLOEXEC) = 177
openat(AT_FDCWD, "/data/local/tmp/libstagefright_codecbase.so", O_RDONLY|O_CLOEXEC) = -1 ENOENT (No such file or directory)
openat(AT_FDCWD, "/system/lib64/libstagefright_codecbase.so", O_RDONLY|O_CLOEXEC) = 178
openat(AT_FDCWD, "/data/local/tmp/libstagefright_omx_utils.so", O_RDONLY|O_CLOEXEC) = -1 ENOENT (No such file or directory)
openat(AT_FDCWD, "/system/lib64/libstagefright_omx_utils.so", O_RDONLY|O_CLOEXEC) = 179
openat(AT_FDCWD, "/data/local/tmp/libRScpp.so", O_RDONLY|O_CLOEXEC) = -1 ENOENT (No such file or directory)
openat(AT_FDCWD, "/system/lib64/libRScpp.so", O_RDONLY|O_CLOEXEC) = 180
openat(AT_FDCWD, "/data/local/tmp/libhidlmemory.so", O_RDONLY|O_CLOEXEC) = -1 ENOENT (No such file or directory)
openat(AT_FDCWD, "/system/lib64/libhidlmemory.so", O_RDONLY|O_CLOEXEC) = 181
openat(AT_FDCWD, "/data/local/tmp/android.hidl.allocator@1.0.so", O_RDONLY|O_CLOEXEC) = -1 ENOENT (No such file or directory)
openat(AT_FDCWD, "/system/lib64/android.hidl.allocator@1.0.so", O_RDONLY|O_CLOEXEC) = 182
openat(AT_FDCWD, "/data/local/tmp/android.hardware.cas.native@1.0.so", O_RDONLY|O_CLOEXEC) = -1 ENOENT (No such file or directory)
openat(AT_FDCWD, "/system/lib64/android.hardware.cas.native@1.0.so", O_RDONLY|O_CLOEXEC) = 183
openat(AT_FDCWD, "/data/local/tmp/libspeexresampler.so", O_RDONLY|O_CLOEXEC) = -1 ENOENT (No such file or directory)
openat(AT_FDCWD, "/system/lib64/libspeexresampler.so", O_RDONLY|O_CLOEXEC) = 184
openat(AT_FDCWD, "/data/local/tmp/libshmemutil.so", O_RDONLY|O_CLOEXEC) = -1 ENOENT (No such file or directory)
openat(AT_FDCWD, "/system/lib64/libshmemutil.so", O_RDONLY|O_CLOEXEC) = 185
openat(AT_FDCWD, "/data/local/tmp/liblzma.so", O_RDONLY|O_CLOEXEC) = -1 ENOENT (No such file or directory)
openat(AT_FDCWD, "/system/lib64/liblzma.so", O_RDONLY|O_CLOEXEC) = 186
openat(AT_FDCWD, "/data/local/tmp/android.hidl.memory@1.0.so", O_RDONLY|O_CLOEXEC) = -1 ENOENT (No such file or directory)
openat(AT_FDCWD, "/system/lib64/android.hidl.memory@1.0.so", O_RDONLY|O_CLOEXEC) = 187
openat(AT_FDCWD, "/data/local/tmp/android.hardware.media.bufferpool@2.0.so", O_RDONLY|O_CLOEXEC) = -1 ENOENT (No such file or directory)
openat(AT_FDCWD, "/system/lib64/android.hardware.media.bufferpool@2.0.so", O_RDONLY|O_CLOEXEC) = 188
openat(AT_FDCWD, "/data/local/tmp/libion.so", O_RDONLY|O_CLOEXEC) = -1 ENOENT (No such file or directory)
openat(AT_FDCWD, "/system/lib64/libion.so", O_RDONLY|O_CLOEXEC) = 189
openat(AT_FDCWD, "/data/local/tmp/libdmabufheap.so", O_RDONLY|O_CLOEXEC) = -1 ENOENT (No such file or directory)
openat(AT_FDCWD, "/system/lib64/libdmabufheap.so", O_RDONLY|O_CLOEXEC) = 190
openat(AT_FDCWD, "/data/local/tmp/libfmq.so", O_RDONLY|O_CLOEXEC) = -1 ENOENT (No such file or directory)
openat(AT_FDCWD, "/system/lib64/libfmq.so", O_RDONLY|O_CLOEXEC) = 191
openat(AT_FDCWD, "/data/local/tmp/libstagefright_bufferpool@2.0.1.so", O_RDONLY|O_CLOEXEC) = -1 ENOENT (No such file or directory)
openat(AT_FDCWD, "/system/lib64/libstagefright_bufferpool@2.0.1.so", O_RDONLY|O_CLOEXEC) = 192
openat(AT_FDCWD, "/data/local/tmp/android.hardware.media.c2@1.0.so", O_RDONLY|O_CLOEXEC) = -1 ENOENT (No such file or directory)
openat(AT_FDCWD, "/system/lib64/android.hardware.media.c2@1.0.so", O_RDONLY|O_CLOEXEC) = 193
openat(AT_FDCWD, "/data/local/tmp/libcodec2_client.so", O_RDONLY|O_CLOEXEC) = -1 ENOENT (No such file or directory)
openat(AT_FDCWD, "/system/lib64/libcodec2_client.so", O_RDONLY|O_CLOEXEC) = 194
openat(AT_FDCWD, "/data/local/tmp/libstagefright_bufferqueue_helper.so", O_RDONLY|O_CLOEXEC) = -1 ENOENT (No such file or directory)
openat(AT_FDCWD, "/system/lib64/libstagefright_bufferqueue_helper.so", O_RDONLY|O_CLOEXEC) = 195
openat(AT_FDCWD, "/data/local/tmp/libstagefright_omx.so", O_RDONLY|O_CLOEXEC) = -1 ENOENT (No such file or directory)
openat(AT_FDCWD, "/system/lib64/libstagefright_omx.so", O_RDONLY|O_CLOEXEC) = 196
openat(AT_FDCWD, "/data/local/tmp/libstagefright_xmlparser.so", O_RDONLY|O_CLOEXEC) = -1 ENOENT (No such file or directory)
openat(AT_FDCWD, "/system/lib64/libstagefright_xmlparser.so", O_RDONLY|O_CLOEXEC) = 197
openat(AT_FDCWD, "/data/local/tmp/android.hidl.memory.token@1.0.so", O_RDONLY|O_CLOEXEC) = -1 ENOENT (No such file or directory)
openat(AT_FDCWD, "/system/lib64/android.hidl.memory.token@1.0.so", O_RDONLY|O_CLOEXEC) = 198
openat(AT_FDCWD, "/data/local/tmp/android.hardware.cas@1.0.so", O_RDONLY|O_CLOEXEC) = -1 ENOENT (No such file or directory)
openat(AT_FDCWD, "/system/lib64/android.hardware.cas@1.0.so", O_RDONLY|O_CLOEXEC) = 199
openat(AT_FDCWD, "/data/local/tmp/android.hidl.safe_union@1.0.so", O_RDONLY|O_CLOEXEC) = -1 ENOENT (No such file or directory)
openat(AT_FDCWD, "/system/lib64/android.hidl.safe_union@1.0.so", O_RDONLY|O_CLOEXEC) = 200
openat(AT_FDCWD, "/data/local/tmp/android.hardware.media.c2@1.1.so", O_RDONLY|O_CLOEXEC) = -1 ENOENT (No such file or directory)
openat(AT_FDCWD, "/system/lib64/android.hardware.media.c2@1.1.so", O_RDONLY|O_CLOEXEC) = 201
openat(AT_FDCWD, "/data/local/tmp/android.hardware.media.c2@1.2.so", O_RDONLY|O_CLOEXEC) = -1 ENOENT (No such file or directory)
openat(AT_FDCWD, "/system/lib64/android.hardware.media.c2@1.2.so", O_RDONLY|O_CLOEXEC) = 202
openat(AT_FDCWD, "/data/local/tmp/libcodec2_hidl_client@1.0.so", O_RDONLY|O_CLOEXEC) = -1 ENOENT (No such file or directory)
openat(AT_FDCWD, "/system/lib64/libcodec2_hidl_client@1.0.so", O_RDONLY|O_CLOEXEC) = 203
openat(AT_FDCWD, "/data/local/tmp/libcodec2_hidl_client@1.1.so", O_RDONLY|O_CLOEXEC) = -1 ENOENT (No such file or directory)
openat(AT_FDCWD, "/system/lib64/libcodec2_hidl_client@1.1.so", O_RDONLY|O_CLOEXEC) = 204
openat(AT_FDCWD, "/data/local/tmp/libcodec2_hidl_client@1.2.so", O_RDONLY|O_CLOEXEC) = -1 ENOENT (No such file or directory)
openat(AT_FDCWD, "/system/lib64/libcodec2_hidl_client@1.2.so", O_RDONLY|O_CLOEXEC) = 205
openat(AT_FDCWD, "/dev/__properties__/property_info", O_RDONLY|O_NOFOLLOW|O_CLOEXEC) = 3
openat(AT_FDCWD, "/dev/__properties__/properties_serial", O_RDONLY|O_NOFOLLOW|O_CLOEXEC) = 3
openat(AT_FDCWD, "/dev/__properties__/u:object_r:debug_prop:s0", O_RDONLY|O_NOFOLLOW|O_CLOEXEC) = 3
openat(AT_FDCWD, "/dev/__properties__/u:object_r:libc_debug_prop:s0", O_RDONLY|O_NOFOLLOW|O_CLOEXEC) = 3
openat(AT_FDCWD, "/dev/__properties__/u:object_r:heapprofd_prop:s0", O_RDONLY|O_NOFOLLOW|O_CLOEXEC) = 3
openat(AT_FDCWD, "/dev/__properties__/u:object_r:vendor_socket_hook_prop:s0", O_RDONLY|O_NOFOLLOW|O_CLOEXEC) = 3
openat(AT_FDCWD, "/dev/__properties__/u:object_r:bq_config_prop:s0", O_RDONLY|O_NOFOLLOW|O_CLOEXEC) = 3
openat(AT_FDCWD, "/dev/__properties__/u:object_r:build_prop:s0", O_RDONLY|O_NOFOLLOW|O_CLOEXEC) = 3
+++ exited with 0 +++
